2026-02-23 02:52:17,430 - utils.logger - INFO - Intento de autenticación para usuario: admin
2026-02-23 02:52:17,732 - utils.logger - INFO - ✅ Usuario autenticado exitosamente: admin
2026-02-23 02:52:17,734 - utils.logger - INFO - ✅ Login exitoso: admin
2026-02-23 02:52:51,535 - utils.logger - INFO - Usuario cerró sesión
2026-02-23 12:42:23,283 - utils.logger - INFO - Intento de autenticación para usuario: admin
2026-02-23 12:42:23,736 - utils.logger - INFO - ✅ Usuario autenticado exitosamente: admin
2026-02-23 12:42:23,743 - utils.logger - INFO - ✅ Login exitoso: admin
2026-02-23 14:06:02,442 - utils.logger - INFO - Intento de autenticación para usuario: admin
2026-02-23 14:06:02,707 - utils.logger - INFO - ✅ Usuario autenticado exitosamente: admin
2026-02-23 14:06:02,709 - utils.logger - INFO - ✅ Login exitoso: admin
2026-02-23 14:08:46,297 - utils.logger - INFO - Usuario cerró sesión
2026-02-23 14:09:59,432 - utils.logger - INFO - Intento de autenticación para usuario: admin
2026-02-23 14:09:59,686 - utils.logger - INFO - ✅ Usuario autenticado exitosamente: admin
2026-02-23 14:09:59,687 - utils.logger - INFO - ✅ Login exitoso: admin
2026-02-23 14:10:16,094 - utils.logger - INFO - Usuario cerró sesión
2026-02-23 14:12:19,076 - utils.logger - INFO - Intento de autenticación para usuario: admin
2026-02-23 14:12:19,328 - utils.logger - INFO - ✅ Usuario autenticado exitosamente: admin
2026-02-23 14:12:19,329 - utils.logger - INFO - ✅ Login exitoso: admin
2026-02-23 14:12:40,942 - utils.logger - INFO - Usuario cerró sesión
2026-02-23 14:12:53,677 - utils.logger - INFO - Intento de autenticación para usuario: admin
2026-02-23 14:12:53,928 - utils.logger - INFO - ✅ Usuario autenticado exitosamente: admin
2026-02-23 14:12:53,938 - utils.logger - INFO - ✅ Login exitoso: admin
2026-02-23 14:18:59,573 - utils.logger - INFO - Intento de autenticación para usuario: admin
2026-02-23 14:18:59,845 - utils.logger - INFO - ✅ Usuario autenticado exitosamente: admin
2026-02-23 14:18:59,847 - utils.logger - INFO - ✅ Login exitoso: admin
2026-02-23 14:21:10,520 - utils.logger - INFO - Intento de autenticación para usuario: admin
2026-02-23 14:21:10,779 - utils.logger - INFO - ✅ Usuario autenticado exitosamente: admin
2026-02-23 14:21:10,781 - utils.logger - INFO - ✅ Login exitoso: admin
2026-02-23 14:21:35,863 - utils.logger - INFO - Intento de autenticación para usuario: admin
2026-02-23 14:21:36,113 - utils.logger - WARNING - ❌ Contraseña incorrecta para usuario: admin
2026-02-23 14:21:46,014 - utils.logger - INFO - Intento de autenticación para usuario: admin
2026-02-23 14:21:46,271 - utils.logger - INFO - ✅ Usuario autenticado exitosamente: admin
2026-02-23 14:21:46,272 - utils.logger - INFO - ✅ Login exitoso: admin
2026-02-23 14:41:08,305 - utils.logger - INFO - Usuario cerró sesión
2026-02-23 14:41:13,186 - utils.logger - INFO - Intento de autenticación para usuario: gerente
2026-02-23 14:41:13,488 - utils.logger - INFO - ✅ Usuario autenticado exitosamente: gerente
2026-02-23 14:41:13,490 - utils.logger - INFO - ✅ Login exitoso: gerente
2026-02-23 14:43:45,299 - utils.logger - INFO - Usuario cerró sesión
2026-02-23 14:43:49,205 - utils.logger - INFO - Intento de autenticación para usuario: admin
2026-02-23 14:43:49,456 - utils.logger - INFO - ✅ Usuario autenticado exitosamente: admin
2026-02-23 14:43:49,458 - utils.logger - INFO - ✅ Login exitoso: admin
2026-02-23 14:46:09,344 - utils.logger - INFO - Usuario cerró sesión
2026-02-23 14:46:17,639 - utils.logger - INFO - Intento de autenticación para usuario: recepcionista1
2026-02-23 14:46:17,997 - utils.logger - INFO - ✅ Usuario autenticado exitosamente: recepcionista1
2026-02-23 14:46:17,999 - utils.logger - INFO - ✅ Login exitoso: recepcionista1
2026-02-23 15:08:12,992 - utils.logger - INFO - Intento de autenticación para usuario: admin
2026-02-23 15:08:13,310 - utils.logger - INFO - ✅ Usuario autenticado exitosamente: admin
2026-02-23 15:08:13,313 - utils.logger - INFO - ✅ Login exitoso: admin
2026-02-23 15:08:33,769 - utils.logger - INFO - Usuario cerró sesión
2026-02-23 15:08:38,646 - utils.logger - INFO - Intento de autenticación para usuario: gerente
2026-02-23 15:08:39,010 - utils.logger - WARNING - ❌ Contraseña incorrecta para usuario: gerente
2026-02-23 15:08:45,842 - utils.logger - INFO - Intento de autenticación para usuario: gerente
2026-02-23 15:08:46,126 - utils.logger - INFO - ✅ Usuario autenticado exitosamente: gerente
2026-02-23 15:08:46,128 - utils.logger - INFO - ✅ Login exitoso: gerente
2026-02-23 15:09:19,363 - utils.logger - INFO - Usuario cerró sesión
2026-02-23 15:09:28,997 - utils.logger - INFO - Intento de autenticación para usuario: recepcionista1
2026-02-23 15:09:29,271 - utils.logger - INFO - ✅ Usuario autenticado exitosamente: recepcionista1
2026-02-23 15:09:29,282 - utils.logger - INFO - ✅ Login exitoso: recepcionista1
2026-02-23 15:09:46,202 - utils.logger - ERROR - Error en navegación: Character "•" at index 9 in text is outside the range of characters supported by the font used: "helvetica". Please consider using a Unicode font.
2026-02-23 15:09:55,432 - utils.logger - INFO - Usuario cerró sesión
2026-02-23 15:10:19,784 - utils.logger - INFO - Intento de autenticación para usuario: admin
2026-02-23 15:10:20,097 - utils.logger - INFO - ✅ Usuario autenticado exitosamente: admin
2026-02-23 15:10:20,108 - utils.logger - INFO - ✅ Login exitoso: admin
2026-02-23 15:16:50,429 - utils.logger - INFO - Intento de autenticación para usuario: admin
2026-02-23 15:16:50,786 - utils.logger - INFO - ✅ Usuario autenticado exitosamente: admin
2026-02-23 15:16:50,792 - utils.logger - INFO - ✅ Login exitoso: admin
2026-02-23 15:17:02,101 - utils.logger - INFO - Usuario cerró sesión
2026-02-23 15:17:18,569 - utils.logger - INFO - Intento de autenticación para usuario: gerente
2026-02-23 15:17:18,923 - utils.logger - INFO - ✅ Usuario autenticado exitosamente: gerente
2026-02-23 15:17:18,926 - utils.logger - INFO - ✅ Login exitoso: gerente
2026-02-23 15:18:14,840 - utils.logger - INFO - Usuario cerró sesión
2026-02-23 15:18:22,686 - utils.logger - INFO - Intento de autenticación para usuario: recepcionista1
2026-02-23 15:18:22,980 - utils.logger - INFO - ✅ Usuario autenticado exitosamente: recepcionista1
2026-02-23 15:18:22,990 - utils.logger - INFO - ✅ Login exitoso: recepcionista1
2026-02-23 15:18:37,964 - utils.logger - INFO - Usuario cerró sesión
2026-02-23 15:18:41,827 - utils.logger - INFO - Intento de autenticación para usuario: admin
2026-02-23 15:18:42,109 - utils.logger - INFO - ✅ Usuario autenticado exitosamente: admin
2026-02-23 15:18:42,112 - utils.logger - INFO - ✅ Login exitoso: admin
2026-02-23 15:18:43,984 - utils.logger - INFO - Usuario cerró sesión
2026-02-23 15:18:48,211 - utils.logger - INFO - Intento de autenticación para usuario: gerente
2026-02-23 15:18:48,487 - utils.logger - INFO - ✅ Usuario autenticado exitosamente: gerente
2026-02-23 15:18:48,490 - utils.logger - INFO - ✅ Login exitoso: gerente
2026-02-23 15:18:54,633 - utils.logger - INFO - Usuario cerró sesión
2026-02-23 15:22:34,818 - utils.logger - INFO - Intento de autenticación para usuario: admin
2026-02-23 15:22:35,126 - utils.logger - INFO - ✅ Usuario autenticado exitosamente: admin
2026-02-23 15:22:35,128 - utils.logger - INFO - ✅ Login exitoso: admin
2026-02-23 15:23:12,016 - utils.logger - INFO - Usuario cerró sesión
2026-02-23 15:23:14,559 - utils.logger - INFO - Intento de autenticación para usuario: gerente
2026-02-23 15:23:14,841 - utils.logger - INFO - ✅ Usuario autenticado exitosamente: gerente
2026-02-23 15:23:14,849 - utils.logger - INFO - ✅ Login exitoso: gerente
2026-02-23 15:23:18,013 - utils.logger - INFO - Usuario cerró sesión
2026-02-23 15:23:21,104 - utils.logger - INFO - Intento de autenticación para usuario: recepcionista1
2026-02-23 15:23:21,377 - utils.logger - INFO - ✅ Usuario autenticado exitosamente: recepcionista1
2026-02-23 15:23:21,379 - utils.logger - INFO - ✅ Login exitoso: recepcionista1
2026-02-23 15:35:47,340 - utils.logger - INFO - Usuario cerró sesión
2026-02-23 15:35:50,306 - utils.logger - INFO - Intento de autenticación para usuario: admin
2026-02-23 15:35:50,595 - utils.logger - INFO - ✅ Usuario autenticado exitosamente: admin
2026-02-23 15:35:50,606 - utils.logger - INFO - ✅ Login exitoso: admin
2026-02-23 15:37:47,305 - utils.logger - ERROR - Error en búsqueda de disponibilidad: unsupported operand type(s) for *: 'decimal.Decimal' and 'float'
2026-02-23 15:37:53,819 - utils.logger - ERROR - Error en búsqueda de disponibilidad: unsupported operand type(s) for *: 'decimal.Decimal' and 'float'
2026-02-23 15:37:56,401 - utils.logger - ERROR - Error en búsqueda de disponibilidad: unsupported operand type(s) for *: 'decimal.Decimal' and 'float'
2026-02-23 15:37:58,717 - utils.logger - ERROR - Error en búsqueda de disponibilidad: unsupported operand type(s) for *: 'decimal.Decimal' and 'float'
2026-02-23 15:38:00,814 - utils.logger - ERROR - Error en búsqueda de disponibilidad: unsupported operand type(s) for *: 'decimal.Decimal' and 'float'
2026-02-23 15:38:03,877 - utils.logger - ERROR - Error en búsqueda de disponibilidad: unsupported operand type(s) for *: 'decimal.Decimal' and 'float'
2026-02-23 15:39:43,782 - utils.logger - INFO - Intento de autenticación para usuario: admin
2026-02-23 15:39:44,153 - utils.logger - INFO - ✅ Usuario autenticado exitosamente: admin
2026-02-23 15:39:44,156 - utils.logger - INFO - ✅ Login exitoso: admin
2026-02-23 15:59:10,691 - utils.logger - INFO - Reserva cancelada: ID 7, motivo: cambio de hotel, usuario: 1
2026-02-23 16:15:37,986 - utils.logger - INFO - Intento de autenticación para usuario: admin
2026-02-23 16:15:38,262 - utils.logger - INFO - ✅ Usuario autenticado exitosamente: admin
2026-02-23 16:15:38,273 - utils.logger - INFO - ✅ Login exitoso: admin
2026-02-23 16:23:10,175 - utils.logger - INFO - Intento de autenticación para usuario: admin
2026-02-23 16:23:10,448 - utils.logger - INFO - ✅ Usuario autenticado exitosamente: admin
2026-02-23 16:23:10,459 - utils.logger - INFO - ✅ Login exitoso: admin
2026-02-23 16:23:29,799 - utils.logger - ERROR - Error en navegación: unsupported operand type(s) for *: 'decimal.Decimal' and 'float'
2026-02-23 16:23:43,050 - utils.logger - ERROR - Error en navegación: unsupported operand type(s) for *: 'decimal.Decimal' and 'float'
2026-02-23 16:40:30,101 - utils.logger - INFO - Check-in realizado: Reserva 4, Habitación 7
2026-02-23 16:40:42,313 - utils.logger - INFO - Check-out realizado: Reserva 4, Habitación 7
2026-02-23 16:43:22,029 - utils.logger - ERROR - Error en búsqueda de disponibilidad: unsupported operand type(s) for *: 'decimal.Decimal' and 'float'
2026-02-23 16:43:23,044 - utils.logger - ERROR - Error en búsqueda de disponibilidad: unsupported operand type(s) for *: 'decimal.Decimal' and 'float'
2026-02-23 16:43:31,221 - utils.logger - ERROR - Error en búsqueda de disponibilidad: unsupported operand type(s) for *: 'decimal.Decimal' and 'float'
2026-02-23 16:50:19,834 - config.database - ERROR - Database connection error: llave duplicada viola restricción de unicidad «alojamientos_reserva_id_key»
DETAIL:  Ya existe la llave (reserva_id)=(3).

2026-02-23 16:50:19,834 - utils.logger - ERROR - Error en check-in: llave duplicada viola restricción de unicidad «alojamientos_reserva_id_key»
DETAIL:  Ya existe la llave (reserva_id)=(3).

2026-02-23 16:52:56,992 - utils.logger - INFO - Intento de autenticación para usuario: admin
2026-02-23 16:52:57,244 - utils.logger - INFO - ✅ Usuario autenticado exitosamente: admin
2026-02-23 16:52:57,247 - utils.logger - INFO - ✅ Login exitoso: admin
2026-02-23 16:53:05,062 - utils.logger - INFO - Check-in realizado: Reserva 3, Habitación 2
2026-02-23 16:54:34,421 - utils.logger - INFO - Check-out realizado: Reserva 3, Habitación 2
2026-02-23 17:06:49,743 - utils.logger - INFO - Check-in realizado: Reserva 2, Habitación 3
2026-02-23 17:06:58,130 - utils.logger - INFO - Check-out realizado: Reserva 2, Habitación 3
2026-02-23 17:07:01,869 - utils.logger - ERROR - Error en búsqueda de disponibilidad: unsupported operand type(s) for *: 'decimal.Decimal' and 'float'
2026-02-23 17:07:05,457 - utils.logger - ERROR - Error en búsqueda de disponibilidad: unsupported operand type(s) for *: 'decimal.Decimal' and 'float'
2026-02-23 17:12:23,513 - config.database - ERROR - Database connection error: llave duplicada viola restricción de unicidad «alojamientos_reserva_id_key»
DETAIL:  Ya existe la llave (reserva_id)=(1).

2026-02-23 17:12:23,514 - utils.logger - ERROR - Error en check-in: llave duplicada viola restricción de unicidad «alojamientos_reserva_id_key»
DETAIL:  Ya existe la llave (reserva_id)=(1).

2026-02-23 17:12:38,090 - utils.logger - INFO - Check-out realizado: Reserva 1, Habitación 1
2026-02-23 17:12:51,401 - config.database - ERROR - Database connection error: llave duplicada viola restricción de unicidad «alojamientos_reserva_id_key»
DETAIL:  Ya existe la llave (reserva_id)=(1).

2026-02-23 17:12:51,402 - utils.logger - ERROR - Error en check-in: llave duplicada viola restricción de unicidad «alojamientos_reserva_id_key»
DETAIL:  Ya existe la llave (reserva_id)=(1).

2026-02-23 17:36:25,556 - utils.logger - INFO - Intento de autenticación para usuario: admin
2026-02-23 17:36:25,815 - utils.logger - WARNING - ❌ Contraseña incorrecta para usuario: admin
2026-02-23 17:36:31,539 - utils.logger - INFO - Intento de autenticación para usuario: admin
2026-02-23 17:36:31,906 - utils.logger - WARNING - ❌ Contraseña incorrecta para usuario: admin
2026-02-23 17:36:43,911 - utils.logger - INFO - Intento de autenticación para usuario: admin
2026-02-23 17:36:44,186 - utils.logger - WARNING - ❌ Contraseña incorrecta para usuario: admin
2026-02-23 17:40:32,105 - utils.logger - INFO - Intento de autenticación para usuario: admin
2026-02-23 17:40:32,484 - utils.logger - INFO - ✅ Usuario autenticado exitosamente: admin
2026-02-23 17:40:32,486 - utils.logger - INFO - ✅ Login exitoso: admin
2026-02-23 17:42:28,979 - utils.logger - INFO - Usuario cerró sesión
2026-02-23 17:43:30,764 - utils.logger - INFO - Intento de autenticación para usuario: recepcionista1
2026-02-23 17:43:30,813 - utils.logger - WARNING - No se encontró usuario: recepcionista1
2026-02-23 17:43:37,994 - utils.logger - INFO - Intento de autenticación para usuario: gerente
2026-02-23 17:43:38,245 - utils.logger - INFO - ✅ Usuario autenticado exitosamente: gerente
2026-02-23 17:43:38,256 - utils.logger - INFO - ✅ Login exitoso: gerente
2026-02-23 17:43:39,871 - utils.logger - INFO - Usuario cerró sesión
2026-02-23 17:43:45,349 - utils.logger - INFO - Intento de autenticación para usuario: recepcion
2026-02-23 17:43:45,393 - utils.logger - WARNING - No se encontró usuario: recepcion
2026-02-23 17:43:53,152 - utils.logger - INFO - Intento de autenticación para usuario: recepcionista1
2026-02-23 17:43:53,195 - utils.logger - WARNING - No se encontró usuario: recepcionista1
2026-02-23 17:44:04,739 - utils.logger - INFO - Intento de autenticación para usuario: recepcion
2026-02-23 17:44:04,787 - utils.logger - WARNING - No se encontró usuario: recepcion
2026-02-23 17:44:46,849 - utils.logger - INFO - Intento de autenticación para usuario: recepcionista1
2026-02-23 17:44:46,893 - utils.logger - WARNING - No se encontró usuario: recepcionista1
2026-02-23 17:45:00,935 - utils.logger - INFO - Intento de autenticación para usuario: recepcionista1
2026-02-23 17:45:00,978 - utils.logger - WARNING - No se encontró usuario: recepcionista1
2026-02-23 17:45:11,538 - utils.logger - INFO - Intento de autenticación para usuario: recepcion1
2026-02-23 17:45:11,806 - utils.logger - WARNING - ❌ Contraseña incorrecta para usuario: recepcion1
2026-02-23 17:49:10,922 - utils.logger - INFO - Intento de autenticación para usuario: admin
2026-02-23 17:49:11,185 - utils.logger - INFO - ✅ Usuario autenticado exitosamente: admin
2026-02-23 17:49:11,195 - utils.logger - INFO - ✅ Login exitoso: admin
2026-02-23 17:49:14,069 - utils.logger - INFO - Usuario cerró sesión
2026-02-23 17:49:18,032 - utils.logger - INFO - Intento de autenticación para usuario: gerente
2026-02-23 17:49:18,399 - utils.logger - INFO - ✅ Usuario autenticado exitosamente: gerente
2026-02-23 17:49:18,401 - utils.logger - INFO - ✅ Login exitoso: gerente
2026-02-23 17:49:19,516 - utils.logger - INFO - Usuario cerró sesión
2026-02-23 17:49:36,551 - utils.logger - INFO - Intento de autenticación para usuario: recepcion1
2026-02-23 17:49:36,920 - utils.logger - INFO - ✅ Usuario autenticado exitosamente: recepcion1
2026-02-23 17:49:36,929 - utils.logger - INFO - ✅ Login exitoso: recepcion1
2026-02-23 17:49:38,736 - utils.logger - INFO - Usuario cerró sesión
2026-02-23 17:56:00,232 - utils.logger - INFO - Intento de autenticación para usuario: admin
2026-02-23 17:56:00,503 - utils.logger - INFO - ✅ Usuario autenticado exitosamente: admin
2026-02-23 17:56:00,506 - utils.logger - INFO - ✅ Login exitoso: admin
2026-02-23 17:56:03,047 - utils.logger - INFO - Usuario cerró sesión
2026-02-23 17:56:08,717 - utils.logger - INFO - Intento de autenticación para usuario: gerente
2026-02-23 17:56:08,972 - utils.logger - INFO - ✅ Usuario autenticado exitosamente: gerente
2026-02-23 17:56:08,974 - utils.logger - INFO - ✅ Login exitoso: gerente
2026-02-23 17:56:11,182 - utils.logger - INFO - Usuario cerró sesión
2026-02-23 17:56:13,567 - utils.logger - INFO - Intento de autenticación para usuario: recepcionista1
2026-02-23 17:56:13,824 - utils.logger - INFO - ✅ Usuario autenticado exitosamente: recepcionista1
2026-02-23 17:56:13,825 - utils.logger - INFO - ✅ Login exitoso: recepcionista1
2026-02-23 17:56:15,364 - utils.logger - INFO - Usuario cerró sesión
2026-02-23 17:56:19,144 - utils.logger - INFO - Intento de autenticación para usuario: admin
2026-02-23 17:56:19,407 - utils.logger - INFO - ✅ Usuario autenticado exitosamente: admin
2026-02-23 17:56:19,408 - utils.logger - INFO - ✅ Login exitoso: admin
2026-02-23 18:03:58,509 - utils.logger - INFO - Check-in realizado: Reserva 2, Habitación 2
2026-02-23 18:05:32,350 - utils.logger - INFO - Check-out realizado: Reserva 8, Habitación 8
2026-02-23 18:14:41,520 - utils.logger - INFO - Check-in realizado: Reserva 20, Habitación 10
2026-02-23 18:17:05,965 - utils.logger - INFO - Check-out realizado: Reserva 20, Habitación 10
2026-02-23 18:25:06,249 - utils.logger - INFO - Check-out realizado: Reserva 2, Habitación 2
2026-02-23 18:29:59,754 - utils.logger - INFO - Huésped creado: Jazmín Agapito
2026-02-23 18:46:06,804 - utils.logger - INFO - Huésped creado: Henry Saguma
2026-02-23 18:47:33,173 - utils.logger - ERROR - Error en búsqueda de disponibilidad: unsupported operand type(s) for *: 'decimal.Decimal' and 'float'
2026-02-23 18:47:37,567 - utils.logger - ERROR - Error en búsqueda de disponibilidad: unsupported operand type(s) for *: 'decimal.Decimal' and 'float'
2026-02-23 18:52:41,737 - utils.logger - ERROR - Error en búsqueda de disponibilidad: unsupported operand type(s) for *: 'decimal.Decimal' and 'float'
2026-02-23 18:52:52,927 - utils.logger - ERROR - Error en búsqueda de disponibilidad: unsupported operand type(s) for *: 'decimal.Decimal' and 'float'
2026-02-23 18:52:54,138 - utils.logger - ERROR - Error en búsqueda de disponibilidad: unsupported operand type(s) for *: 'decimal.Decimal' and 'float'
2026-02-23 18:53:14,930 - utils.logger - ERROR - Error en búsqueda de disponibilidad: unsupported operand type(s) for *: 'decimal.Decimal' and 'float'
2026-02-23 18:58:11,756 - utils.logger - ERROR - Error en búsqueda de disponibilidad: unsupported operand type(s) for *: 'decimal.Decimal' and 'float'
2026-02-23 19:04:00,096 - utils.logger - ERROR - Error en búsqueda de disponibilidad: unsupported operand type(s) for *: 'decimal.Decimal' and 'float'
2026-02-23 19:08:30,914 - utils.logger - ERROR - Error en búsqueda de disponibilidad: unsupported operand type(s) for *: 'decimal.Decimal' and 'float'
2026-02-23 19:08:36,120 - utils.logger - ERROR - Error en búsqueda de disponibilidad: unsupported operand type(s) for *: 'decimal.Decimal' and 'float'
2026-02-23 19:14:45,130 - utils.logger - ERROR - Error en búsqueda de disponibilidad: unsupported operand type(s) for *: 'decimal.Decimal' and 'float'
2026-02-23 19:14:52,304 - utils.logger - ERROR - Error en búsqueda de disponibilidad: unsupported operand type(s) for *: 'decimal.Decimal' and 'float'
2026-02-23 19:14:53,024 - utils.logger - ERROR - Error en búsqueda de disponibilidad: unsupported operand type(s) for *: 'decimal.Decimal' and 'float'
2026-02-23 19:14:55,360 - utils.logger - ERROR - Error en búsqueda de disponibilidad: unsupported operand type(s) for *: 'decimal.Decimal' and 'float'
2026-02-23 19:14:57,255 - utils.logger - ERROR - Error en búsqueda de disponibilidad: unsupported operand type(s) for *: 'decimal.Decimal' and 'float'
2026-02-23 19:15:03,045 - utils.logger - ERROR - Error en búsqueda de disponibilidad: unsupported operand type(s) for *: 'decimal.Decimal' and 'float'
2026-02-23 19:15:04,226 - utils.logger - ERROR - Error en búsqueda de disponibilidad: unsupported operand type(s) for *: 'decimal.Decimal' and 'float'
2026-02-23 19:15:23,671 - utils.logger - ERROR - Error en búsqueda de disponibilidad: unsupported operand type(s) for *: 'decimal.Decimal' and 'float'
2026-02-23 19:17:09,879 - utils.logger - ERROR - Error en búsqueda de disponibilidad: unsupported operand type(s) for *: 'decimal.Decimal' and 'float'
2026-02-23 19:17:12,820 - utils.logger - ERROR - Error en búsqueda de disponibilidad: unsupported operand type(s) for *: 'decimal.Decimal' and 'float'
2026-02-23 19:17:15,932 - utils.logger - ERROR - Error en búsqueda de disponibilidad: unsupported operand type(s) for *: 'decimal.Decimal' and 'float'
2026-02-23 19:17:21,733 - utils.logger - INFO - Intento de autenticación para usuario: admin
2026-02-23 19:17:22,004 - utils.logger - INFO - ✅ Usuario autenticado exitosamente: admin
2026-02-23 19:17:22,006 - utils.logger - INFO - ✅ Login exitoso: admin
2026-02-23 19:17:26,538 - utils.logger - ERROR - Error en búsqueda de disponibilidad: unsupported operand type(s) for *: 'decimal.Decimal' and 'float'
2026-02-23 19:17:29,015 - utils.logger - ERROR - Error en búsqueda de disponibilidad: unsupported operand type(s) for *: 'decimal.Decimal' and 'float'
2026-02-23 19:17:31,272 - utils.logger - ERROR - Error en búsqueda de disponibilidad: unsupported operand type(s) for *: 'decimal.Decimal' and 'float'
2026-02-23 19:17:33,717 - utils.logger - ERROR - Error en búsqueda de disponibilidad: unsupported operand type(s) for *: 'decimal.Decimal' and 'float'
2026-02-23 19:17:46,461 - utils.logger - ERROR - Error en búsqueda de disponibilidad: unsupported operand type(s) for *: 'decimal.Decimal' and 'float'
2026-02-23 19:17:54,103 - utils.logger - ERROR - Error en búsqueda de disponibilidad: unsupported operand type(s) for *: 'decimal.Decimal' and 'float'
2026-02-23 19:19:37,617 - utils.logger - INFO - Intento de autenticación para usuario: admin
2026-02-23 19:19:37,887 - utils.logger - INFO - ✅ Usuario autenticado exitosamente: admin
2026-02-23 19:19:37,898 - utils.logger - INFO - ✅ Login exitoso: admin
2026-02-23 19:19:41,228 - utils.logger - ERROR - Error en búsqueda de disponibilidad: unsupported operand type(s) for *: 'decimal.Decimal' and 'float'
2026-02-23 19:19:44,316 - utils.logger - ERROR - Error en búsqueda de disponibilidad: unsupported operand type(s) for *: 'decimal.Decimal' and 'float'
2026-02-23 19:25:13,341 - utils.logger - INFO - Intento de autenticación para usuario: admin
2026-02-23 19:25:13,635 - utils.logger - INFO - ✅ Usuario autenticado exitosamente: admin
2026-02-23 19:25:13,638 - utils.logger - INFO - ✅ Login exitoso: admin
2026-02-23 19:25:25,730 - utils.logger - ERROR - Error en búsqueda de disponibilidad: unsupported operand type(s) for *: 'decimal.Decimal' and 'float'
2026-02-23 19:25:29,109 - utils.logger - ERROR - Error en búsqueda de disponibilidad: unsupported operand type(s) for *: 'decimal.Decimal' and 'float'
2026-02-23 19:25:54,011 - utils.logger - ERROR - Error en búsqueda de disponibilidad: unsupported operand type(s) for *: 'decimal.Decimal' and 'float'
2026-02-23 19:27:25,472 - utils.logger - INFO - Intento de autenticación para usuario: admin
2026-02-23 19:27:25,749 - utils.logger - INFO - ✅ Usuario autenticado exitosamente: admin
2026-02-23 19:27:25,760 - utils.logger - INFO - ✅ Login exitoso: admin
2026-02-23 19:27:31,158 - utils.logger - ERROR - Error en búsqueda de disponibilidad: unsupported operand type(s) for *: 'decimal.Decimal' and 'float'
2026-02-23 19:31:22,061 - utils.logger - INFO - Intento de autenticación para usuario: admin
2026-02-23 19:31:22,338 - utils.logger - INFO - ✅ Usuario autenticado exitosamente: admin
2026-02-23 19:31:22,350 - utils.logger - INFO - ✅ Login exitoso: admin
2026-02-23 19:41:36,215 - utils.logger - INFO - Intento de autenticación para usuario: admin
2026-02-23 19:41:36,486 - utils.logger - INFO - ✅ Usuario autenticado exitosamente: admin
2026-02-23 19:41:36,496 - utils.logger - INFO - ✅ Login exitoso: admin
2026-02-23 19:55:12,766 - utils.logger - INFO - Intento de autenticación para usuario: admin
2026-02-23 19:55:13,031 - utils.logger - INFO - ✅ Usuario autenticado exitosamente: admin
2026-02-23 19:55:13,042 - utils.logger - INFO - ✅ Login exitoso: admin
2026-02-23 19:55:43,563 - utils.logger - INFO - Reserva creada: RES000026 por usuario 1
2026-02-23 19:55:43,564 - utils.logger - INFO - Reserva creada: RES000026
2026-02-23 20:13:21,605 - utils.logger - INFO - Intento de autenticación para usuario: admin
2026-02-23 20:13:21,969 - utils.logger - INFO - ✅ Usuario autenticado exitosamente: admin
2026-02-23 20:13:21,970 - utils.logger - INFO - ✅ Login exitoso: admin
2026-02-23 20:13:58,321 - utils.logger - INFO - Reserva creada: RES000027 por usuario 1
2026-02-23 20:13:58,322 - utils.logger - INFO - Reserva creada: RES000027
2026-02-23 20:14:27,033 - utils.logger - INFO - Check-in realizado: Reserva 27, Habitación 4
2026-02-23 20:14:58,362 - utils.logger - ERROR - Error en navegación: Character "•" at index 9 in text is outside the range of characters supported by the font used: "helvetica". Please consider using a Unicode font.
2026-02-23 20:24:17,620 - utils.logger - INFO - Intento de autenticación para usuario: admin
2026-02-23 20:24:17,969 - utils.logger - INFO - ✅ Usuario autenticado exitosamente: admin
2026-02-23 20:24:17,980 - utils.logger - INFO - ✅ Login exitoso: admin
2026-02-23 20:24:28,531 - utils.logger - ERROR - Error en navegación: Character "•" at index 9 in text is outside the range of characters supported by the font used: "helvetica". Please consider using a Unicode font.
2026-02-23 20:25:25,712 - utils.logger - ERROR - Error en navegación: Character "•" at index 9 in text is outside the range of characters supported by the font used: "helvetica". Please consider using a Unicode font.
2026-02-23 20:32:24,399 - utils.logger - ERROR - Error en navegación: 'bytearray' object has no attribute 'encode'
2026-02-23 21:11:09,717 - utils.logger - ERROR - Error en navegación: Character "€" at index 0 in text is outside the range of characters supported by the font used: "helveticaB". Please consider using a Unicode font.
2026-02-23 21:11:50,347 - utils.logger - ERROR - Error en navegación: Character "€" at index 0 in text is outside the range of characters supported by the font used: "helvetica". Please consider using a Unicode font.
2026-02-23 21:17:38,545 - utils.logger - INFO - Intento de autenticación para usuario: admin
2026-02-23 21:17:38,799 - utils.logger - INFO - ✅ Usuario autenticado exitosamente: admin
2026-02-23 21:17:38,801 - utils.logger - INFO - ✅ Login exitoso: admin
2026-02-23 21:36:50,495 - utils.logger - ERROR - Error en navegación: Character "⭐" at index 0 in text is outside the range of characters supported by the font used: "helvetica". Please consider using a Unicode font.
2026-02-23 21:59:42,959 - utils.logger - INFO - Usuario cerró sesión
2026-02-23 21:59:49,478 - utils.logger - INFO - Intento de autenticación para usuario: gerente
2026-02-23 21:59:49,746 - utils.logger - INFO - ✅ Usuario autenticado exitosamente: gerente
2026-02-23 21:59:49,748 - utils.logger - INFO - ✅ Login exitoso: gerente
2026-02-23 22:01:35,273 - utils.logger - INFO - Usuario cerró sesión
2026-02-23 22:01:40,130 - utils.logger - INFO - Intento de autenticación para usuario: admin
2026-02-23 22:01:40,516 - utils.logger - INFO - ✅ Usuario autenticado exitosamente: admin
2026-02-23 22:01:40,518 - utils.logger - INFO - ✅ Login exitoso: admin
2026-02-23 22:04:55,311 - utils.logger - INFO - Intento de autenticación para usuario: recepcionista1
2026-02-23 22:04:55,571 - utils.logger - INFO - ✅ Usuario autenticado exitosamente: recepcionista1
2026-02-23 22:04:55,573 - utils.logger - INFO - ✅ Login exitoso: recepcionista1
2026-02-23 22:18:32,950 - utils.logger - INFO - Usuario cerró sesión
2026-02-23 22:18:42,723 - utils.logger - INFO - Intento de autenticación para usuario: admin
2026-02-23 22:18:43,157 - utils.logger - INFO - ✅ Usuario autenticado exitosamente: admin
2026-02-23 22:18:43,159 - utils.logger - INFO - ✅ Login exitoso: admin
2026-02-23 22:19:38,035 - utils.logger - INFO - Usuario cerró sesión
2026-02-23 22:19:41,133 - utils.logger - INFO - Intento de autenticación para usuario: gerente
2026-02-23 22:19:41,395 - utils.logger - INFO - ✅ Usuario autenticado exitosamente: gerente
2026-02-23 22:19:41,406 - utils.logger - INFO - ✅ Login exitoso: gerente
2026-02-23 22:20:07,834 - utils.logger - INFO - Usuario cerró sesión
2026-02-23 22:20:10,599 - utils.logger - INFO - Intento de autenticación para usuario: recepcionista1
2026-02-23 22:20:10,854 - utils.logger - INFO - ✅ Usuario autenticado exitosamente: recepcionista1
2026-02-23 22:20:10,856 - utils.logger - INFO - ✅ Login exitoso: recepcionista1
2026-02-23 22:22:55,781 - utils.logger - INFO - Usuario cerró sesión
2026-02-23 22:23:11,932 - utils.logger - INFO - Intento de autenticación para usuario: admin
2026-02-23 22:23:12,199 - utils.logger - INFO - ✅ Usuario autenticado exitosamente: admin
2026-02-23 22:23:12,209 - utils.logger - INFO - ✅ Login exitoso: admin
2026-02-23 22:23:59,813 - utils.logger - INFO - Usuario cerró sesión
2026-02-23 22:24:05,544 - utils.logger - INFO - Intento de autenticación para usuario: gerente
2026-02-23 22:24:05,813 - utils.logger - INFO - ✅ Usuario autenticado exitosamente: gerente
2026-02-23 22:24:05,815 - utils.logger - INFO - ✅ Login exitoso: gerente
2026-02-23 22:24:26,562 - utils.logger - INFO - Usuario cerró sesión
2026-02-23 22:24:35,830 - utils.logger - INFO - Intento de autenticación para usuario: recepcionista1
2026-02-23 22:24:36,089 - utils.logger - INFO - ✅ Usuario autenticado exitosamente: recepcionista1
2026-02-23 22:24:36,091 - utils.logger - INFO - ✅ Login exitoso: recepcionista1
2026-02-23 22:45:28,142 - utils.logger - INFO - Intento de autenticación para usuario: recepcionista1
2026-02-23 22:45:28,415 - utils.logger - INFO - ✅ Usuario autenticado exitosamente: recepcionista1
2026-02-23 22:45:28,417 - utils.logger - INFO - ✅ Login exitoso: recepcionista1
2026-02-23 23:52:44,039 - utils.logger - INFO - Intento de autenticación para usuario: recepcionista1
2026-02-23 23:52:44,345 - utils.logger - INFO - ✅ Usuario autenticado exitosamente: recepcionista1
2026-02-23 23:52:44,348 - utils.logger - INFO - ✅ Login exitoso: recepcionista1
2026-02-24 00:06:34,289 - utils.logger - INFO - Intento de autenticación para usuario: admin
2026-02-24 00:06:34,602 - utils.logger - INFO - ✅ Usuario autenticado exitosamente: admin
2026-02-24 00:06:34,605 - utils.logger - INFO - ✅ Login exitoso: admin
2026-02-24 00:20:34,919 - utils.logger - INFO - Usuario cerró sesión
